<?xml version="1.0" encoding="UTF-8"?>
<testng-results ignored="0" total="1" passed="1" failed="0" skipped="0">
  <reporter-output>
  </reporter-output>
  <suite started-at="2023-09-13T09:49:11 IST" name="Default suite" finished-at="2023-09-13T09:49:28 IST" duration-ms="16485">
    <groups>
    </groups>
    <test started-at="2023-09-13T09:49:11 IST" name="Default test" finished-at="2023-09-13T09:49:28 IST" duration-ms="16485">
      <class name="basics.Framesi">
        <test-method signature="frametest()[pri:0, instance:basics.Framesi@6e9175d8]" started-at="2023-09-13T09:49:12 IST" name="frametest" finished-at="2023-09-13T09:49:28 IST" duration-ms="16363" status="PASS">
          <reporter-output>
          </reporter-output>
        </test-method> <!-- frametest -->
      </class> <!-- basics.Framesi -->
    </test> <!-- Default test -->
  </suite> <!-- Default suite -->
</testng-results>
